mode: set
Kelompok-2/dompet-online/repository/transaction_repository.go:19.65,23.2 1 1
Kelompok-2/dompet-online/repository/transaction_repository.go:25.96,45.16 4 1
Kelompok-2/dompet-online/repository/transaction_repository.go:45.16,47.3 1 0
Kelompok-2/dompet-online/repository/transaction_repository.go:49.2,49.18 1 1
Kelompok-2/dompet-online/repository/transaction_repository.go:49.18,64.17 3 1
Kelompok-2/dompet-online/repository/transaction_repository.go:64.17,66.4 1 0
Kelompok-2/dompet-online/repository/transaction_repository.go:68.3,68.86 1 1
Kelompok-2/dompet-online/repository/transaction_repository.go:72.2,72.40 1 1
Kelompok-2/dompet-online/repository/transaction_repository.go:72.40,74.3 1 0
Kelompok-2/dompet-online/repository/transaction_repository.go:76.2,76.38 1 1
Kelompok-2/dompet-online/repository/transaction_repository.go:79.111,108.16 4 1
Kelompok-2/dompet-online/repository/transaction_repository.go:108.16,110.3 1 1
Kelompok-2/dompet-online/repository/transaction_repository.go:112.2,112.32 1 0
Kelompok-2/dompet-online/repository/transaction_repository.go:115.67,122.16 4 0
Kelompok-2/dompet-online/repository/transaction_repository.go:122.16,124.3 1 0
Kelompok-2/dompet-online/repository/transaction_repository.go:126.2,126.19 1 0
Kelompok-2/dompet-online/repository/users_repository.go:25.51,29.2 1 0
Kelompok-2/dompet-online/repository/users_repository.go:32.55,46.16 2 0
Kelompok-2/dompet-online/repository/users_repository.go:46.16,48.3 1 0
Kelompok-2/dompet-online/repository/users_repository.go:49.2,49.12 1 0
Kelompok-2/dompet-online/repository/users_repository.go:53.79,62.16 4 0
Kelompok-2/dompet-online/repository/users_repository.go:62.16,64.3 1 0
Kelompok-2/dompet-online/repository/users_repository.go:65.2,65.18 1 0
Kelompok-2/dompet-online/repository/users_repository.go:68.111,70.16 2 0
Kelompok-2/dompet-online/repository/users_repository.go:70.16,72.3 1 0
Kelompok-2/dompet-online/repository/users_repository.go:73.2,73.12 1 0
Kelompok-2/dompet-online/repository/users_repository.go:76.80,78.16 2 0
Kelompok-2/dompet-online/repository/users_repository.go:78.16,80.3 1 0
Kelompok-2/dompet-online/repository/users_repository.go:81.2,81.12 1 0
Kelompok-2/dompet-online/repository/users_repository.go:85.59,87.16 2 0
Kelompok-2/dompet-online/repository/users_repository.go:87.16,89.3 1 0
Kelompok-2/dompet-online/repository/users_repository.go:90.2,91.18 2 0
Kelompok-2/dompet-online/repository/users_repository.go:91.18,106.17 3 0
Kelompok-2/dompet-online/repository/users_repository.go:106.17,108.4 1 0
Kelompok-2/dompet-online/repository/users_repository.go:109.3,109.30 1 0
Kelompok-2/dompet-online/repository/users_repository.go:111.2,111.19 1 0
Kelompok-2/dompet-online/repository/users_repository.go:114.85,130.16 4 0
Kelompok-2/dompet-online/repository/users_repository.go:130.16,132.3 1 0
Kelompok-2/dompet-online/repository/users_repository.go:133.2,133.18 1 0
Kelompok-2/dompet-online/repository/users_repository.go:136.67,141.16 4 0
Kelompok-2/dompet-online/repository/users_repository.go:141.16,143.3 1 0
Kelompok-2/dompet-online/repository/users_repository.go:144.2,144.19 1 0
Kelompok-2/dompet-online/repository/users_repository.go:147.97,163.16 4 0
Kelompok-2/dompet-online/repository/users_repository.go:163.16,165.3 1 0
Kelompok-2/dompet-online/repository/users_repository.go:166.2,166.18 1 0
Kelompok-2/dompet-online/repository/users_repository.go:169.72,171.16 2 0
Kelompok-2/dompet-online/repository/users_repository.go:171.16,173.3 1 0
Kelompok-2/dompet-online/repository/users_repository.go:174.2,174.27 1 0
Kelompok-2/dompet-online/repository/wallets_repository.go:19.55,23.2 1 1
Kelompok-2/dompet-online/repository/wallets_repository.go:25.78,34.16 4 1
Kelompok-2/dompet-online/repository/wallets_repository.go:34.16,36.3 1 1
Kelompok-2/dompet-online/repository/wallets_repository.go:37.2,37.20 1 1
Kelompok-2/dompet-online/repository/wallets_repository.go:40.84,49.16 4 1
Kelompok-2/dompet-online/repository/wallets_repository.go:49.16,51.3 1 1
Kelompok-2/dompet-online/repository/wallets_repository.go:52.2,52.20 1 1
Kelompok-2/dompet-online/repository/wallets_repository.go:55.60,64.16 2 1
Kelompok-2/dompet-online/repository/wallets_repository.go:64.16,66.3 1 1
Kelompok-2/dompet-online/repository/wallets_repository.go:67.2,67.12 1 1
Kelompok-2/dompet-online/repository/wallets_repository.go:70.83,78.16 3 0
Kelompok-2/dompet-online/repository/wallets_repository.go:78.16,80.3 1 0
Kelompok-2/dompet-online/repository/wallets_repository.go:82.2,82.12 1 0
